- 2021-02-07 19:28:44.372 | took 6ms | connection 0 
EXPLAIN select user0_.id as id1_3_, user0_.created_date as created_2_3_, user0_.email_address as email_ad3_3_, user0_.first_name as first_na4_3_, user0_.last_name as last_nam5_3_, user0_.password as password6_3_, user0_.username as username7_3_ from user user0_ where user0_.username='joel881087';

- 2021-02-07 19:28:44.389 | took 0ms | connection 0 
EXPLAIN select user0_.id as id1_3_, user0_.created_date as created_2_3_, user0_.email_address as email_ad3_3_, user0_.first_name as first_na4_3_, user0_.last_name as last_nam5_3_, user0_.password as password6_3_, user0_.username as username7_3_ from user user0_ where user0_.email_address='joel881087@e2e.taskagile.com';

- 2021-02-07 19:28:44.581 | took 7ms | connection 0 
EXPLAIN insert into user (created_date, email_address, first_name, last_name, password, username) values ('07-2월-21', 'joel881087@e2e.taskagile.com', '', '', '$2a$10$yeNyiq74qhr/7cdQPHD9renT5hBdQj8m3azcf//mBBntxVXQJDtqO', 'joel881087');

- 2021-02-07 19:28:56.773 | took 0ms | connection 0 
EXPLAIN select user0_.id as id1_3_, user0_.created_date as created_2_3_, user0_.email_address as email_ad3_3_, user0_.first_name as first_na4_3_, user0_.last_name as last_nam5_3_, user0_.password as password6_3_, user0_.username as username7_3_ from user user0_ where user0_.username='not-exist';

- 2021-02-07 19:29:00.108 | took 0ms | connection 0 
EXPLAIN select user0_.id as id1_3_, user0_.created_date as created_2_3_, user0_.email_address as email_ad3_3_, user0_.first_name as first_na4_3_, user0_.last_name as last_nam5_3_, user0_.password as password6_3_, user0_.username as username7_3_ from user user0_ where user0_.username='joel881087';

- 2021-02-07 19:29:05.234 | took 0ms | connection 0 
EXPLAIN select user0_.id as id1_3_, user0_.created_date as created_2_3_, user0_.email_address as email_ad3_3_, user0_.first_name as first_na4_3_, user0_.last_name as last_nam5_3_, user0_.password as password6_3_, user0_.username as username7_3_ from user user0_ where user0_.email_address='joel881087@e2e.taskagile.com';

- 2021-02-07 19:42:42.408 | took 7ms | connection 0 
EXPLAIN select user0_.id as id1_3_, user0_.created_date as created_2_3_, user0_.email_address as email_ad3_3_, user0_.first_name as first_na4_3_, user0_.last_name as last_nam5_3_, user0_.password as password6_3_, user0_.username as username7_3_ from user user0_ where user0_.username='harriet223226';

- 2021-02-07 19:42:42.427 | took 0ms | connection 0 
EXPLAIN select user0_.id as id1_3_, user0_.created_date as created_2_3_, user0_.email_address as email_ad3_3_, user0_.first_name as first_na4_3_, user0_.last_name as last_nam5_3_, user0_.password as password6_3_, user0_.username as username7_3_ from user user0_ where user0_.email_address='harriet223226@e2e.taskagile.com';

- 2021-02-07 19:42:42.624 | took 7ms | connection 0 
EXPLAIN insert into user (created_date, email_address, first_name, last_name, password, username) values ('07-2월-21', 'harriet223226@e2e.taskagile.com', '', '', '$2a$10$4AvbADVR9Ssr/vfAd.H4VOpleENKrKfnXWYBQB2GB98sCtgoQRbSa', 'harriet223226');

- 2021-02-07 19:42:51.221 | took 0ms | connection 0 
EXPLAIN select user0_.id as id1_3_, user0_.created_date as created_2_3_, user0_.email_address as email_ad3_3_, user0_.first_name as first_na4_3_, user0_.last_name as last_nam5_3_, user0_.password as password6_3_, user0_.username as username7_3_ from user user0_ where user0_.username='not-exist';

- 2021-02-07 19:42:54.560 | took 0ms | connection 0 
EXPLAIN select user0_.id as id1_3_, user0_.created_date as created_2_3_, user0_.email_address as email_ad3_3_, user0_.first_name as first_na4_3_, user0_.last_name as last_nam5_3_, user0_.password as password6_3_, user0_.username as username7_3_ from user user0_ where user0_.username='harriet223226';

- 2021-02-07 19:42:59.749 | took 0ms | connection 0 
EXPLAIN select user0_.id as id1_3_, user0_.created_date as created_2_3_, user0_.email_address as email_ad3_3_, user0_.first_name as first_na4_3_, user0_.last_name as last_nam5_3_, user0_.password as password6_3_, user0_.username as username7_3_ from user user0_ where user0_.email_address='harriet223226@e2e.taskagile.com';

- 2021-02-07 21:05:57.420 | took 6ms | connection 0 
EXPLAIN select user0_.id as id1_3_, user0_.created_date as created_2_3_, user0_.email_address as email_ad3_3_, user0_.first_name as first_na4_3_, user0_.last_name as last_nam5_3_, user0_.password as password6_3_, user0_.username as username7_3_ from user user0_ where user0_.username='callie521856';

- 2021-02-07 21:05:57.437 | took 0ms | connection 0 
EXPLAIN select user0_.id as id1_3_, user0_.created_date as created_2_3_, user0_.email_address as email_ad3_3_, user0_.first_name as first_na4_3_, user0_.last_name as last_nam5_3_, user0_.password as password6_3_, user0_.username as username7_3_ from user user0_ where user0_.email_address='callie521856@e2e.taskagile.com';

- 2021-02-07 21:05:57.625 | took 7ms | connection 0 
EXPLAIN insert into user (created_date, email_address, first_name, last_name, password, username) values ('07-2월-21', 'callie521856@e2e.taskagile.com', '', '', '$2a$10$CwZ8gra/9xNYBcce/zNrQO01QMpZPGz20I3V6AYb/wKKIYbcXNyr2', 'callie521856');

- 2021-02-07 21:06:06.242 | took 0ms | connection 0 
EXPLAIN select user0_.id as id1_3_, user0_.created_date as created_2_3_, user0_.email_address as email_ad3_3_, user0_.first_name as first_na4_3_, user0_.last_name as last_nam5_3_, user0_.password as password6_3_, user0_.username as username7_3_ from user user0_ where user0_.username='not-exist';

- 2021-02-07 21:06:09.529 | took 0ms | connection 0 
EXPLAIN select user0_.id as id1_3_, user0_.created_date as created_2_3_, user0_.email_address as email_ad3_3_, user0_.first_name as first_na4_3_, user0_.last_name as last_nam5_3_, user0_.password as password6_3_, user0_.username as username7_3_ from user user0_ where user0_.username='callie521856';

- 2021-02-07 21:06:14.847 | took 1ms | connection 0 
EXPLAIN select user0_.id as id1_3_, user0_.created_date as created_2_3_, user0_.email_address as email_ad3_3_, user0_.first_name as first_na4_3_, user0_.last_name as last_nam5_3_, user0_.password as password6_3_, user0_.username as username7_3_ from user user0_ where user0_.email_address='callie521856@e2e.taskagile.com';

- 2021-02-08 12:01:06.157 | took 6ms | connection 0 
EXPLAIN select user0_.id as id1_3_, user0_.created_date as created_2_3_, user0_.email_address as email_ad3_3_, user0_.first_name as first_na4_3_, user0_.last_name as last_nam5_3_, user0_.password as password6_3_, user0_.username as username7_3_ from user user0_ where user0_.username='skymir37';

- 2021-02-08 12:11:23.603 | took 10ms | connection 0 
EXPLAIN select user0_.id as id1_3_, user0_.created_date as created_2_3_, user0_.email_address as email_ad3_3_, user0_.first_name as first_na4_3_, user0_.last_name as last_nam5_3_, user0_.password as password6_3_, user0_.username as username7_3_ from user user0_ where user0_.username='sue523044';

- 2021-02-08 12:11:23.624 | took 0ms | connection 0 
EXPLAIN select user0_.id as id1_3_, user0_.created_date as created_2_3_, user0_.email_address as email_ad3_3_, user0_.first_name as first_na4_3_, user0_.last_name as last_nam5_3_, user0_.password as password6_3_, user0_.username as username7_3_ from user user0_ where user0_.email_address='sue523044@e2e.taskagile.com';

- 2021-02-08 12:11:23.817 | took 1ms | connection 0 
EXPLAIN insert into user (created_date, email_address, first_name, last_name, password, username) values ('08-2월-21', 'sue523044@e2e.taskagile.com', '', '', '$2a$10$HRmhomgZvxbmlaY3il6aVedCGaXbtTg3tNEwOX2A2Rpl6hWqfbqAS', 'sue523044');

- 2021-02-08 12:11:34.370 | took 0ms | connection 0 
EXPLAIN select user0_.id as id1_3_, user0_.created_date as created_2_3_, user0_.email_address as email_ad3_3_, user0_.first_name as first_na4_3_, user0_.last_name as last_nam5_3_, user0_.password as password6_3_, user0_.username as username7_3_ from user user0_ where user0_.username='not-exist';

- 2021-02-08 12:11:37.691 | took 0ms | connection 0 
EXPLAIN select user0_.id as id1_3_, user0_.created_date as created_2_3_, user0_.email_address as email_ad3_3_, user0_.first_name as first_na4_3_, user0_.last_name as last_nam5_3_, user0_.password as password6_3_, user0_.username as username7_3_ from user user0_ where user0_.username='sue523044';

- 2021-02-08 12:11:42.976 | took 0ms | connection 0 
EXPLAIN select user0_.id as id1_3_, user0_.created_date as created_2_3_, user0_.email_address as email_ad3_3_, user0_.first_name as first_na4_3_, user0_.last_name as last_nam5_3_, user0_.password as password6_3_, user0_.username as username7_3_ from user user0_ where user0_.email_address='sue523044@e2e.taskagile.com';

- 2021-02-08 12:13:52.418 | took 9ms | connection 0 
EXPLAIN select user0_.id as id1_3_, user0_.created_date as created_2_3_, user0_.email_address as email_ad3_3_, user0_.first_name as first_na4_3_, user0_.last_name as last_nam5_3_, user0_.password as password6_3_, user0_.username as username7_3_ from user user0_ where user0_.username='skymir37';

- 2021-02-08 14:13:11.945 | took 6ms | connection 0 
EXPLAIN select user0_.id as id1_3_, user0_.created_date as created_2_3_, user0_.email_address as email_ad3_3_, user0_.first_name as first_na4_3_, user0_.last_name as last_nam5_3_, user0_.password as password6_3_, user0_.username as username7_3_ from user user0_ where user0_.username='dylan418917';

- 2021-02-08 14:13:11.961 | took 0ms | connection 0 
EXPLAIN select user0_.id as id1_3_, user0_.created_date as created_2_3_, user0_.email_address as email_ad3_3_, user0_.first_name as first_na4_3_, user0_.last_name as last_nam5_3_, user0_.password as password6_3_, user0_.username as username7_3_ from user user0_ where user0_.email_address='dylan418917@e2e.taskagile.com';

- 2021-02-08 14:13:12.177 | took 7ms | connection 0 
EXPLAIN insert into user (created_date, email_address, first_name, last_name, password, username) values ('08-2월-21', 'dylan418917@e2e.taskagile.com', '', '', '$2a$10$YJQCqVWlSyUWtjyE5sDrV.B.WMMgooMa6UUbJuMN/4e.C0eK1PKzC', 'dylan418917');

- 2021-02-08 14:13:20.732 | took 0ms | connection 0 
EXPLAIN select user0_.id as id1_3_, user0_.created_date as created_2_3_, user0_.email_address as email_ad3_3_, user0_.first_name as first_na4_3_, user0_.last_name as last_nam5_3_, user0_.password as password6_3_, user0_.username as username7_3_ from user user0_ where user0_.username='not-exist';

- 2021-02-08 14:13:24.15 | took 0ms | connection 0 
EXPLAIN select user0_.id as id1_3_, user0_.created_date as created_2_3_, user0_.email_address as email_ad3_3_, user0_.first_name as first_na4_3_, user0_.last_name as last_nam5_3_, user0_.password as password6_3_, user0_.username as username7_3_ from user user0_ where user0_.username='dylan418917';

- 2021-02-08 14:13:29.156 | took 1ms | connection 0 
EXPLAIN select user0_.id as id1_3_, user0_.created_date as created_2_3_, user0_.email_address as email_ad3_3_, user0_.first_name as first_na4_3_, user0_.last_name as last_nam5_3_, user0_.password as password6_3_, user0_.username as username7_3_ from user user0_ where user0_.email_address='dylan418917@e2e.taskagile.com';

- 2021-02-08 14:15:22.48 | took 10ms | connection 0 
EXPLAIN select user0_.id as id1_3_, user0_.created_date as created_2_3_, user0_.email_address as email_ad3_3_, user0_.first_name as first_na4_3_, user0_.last_name as last_nam5_3_, user0_.password as password6_3_, user0_.username as username7_3_ from user user0_ where user0_.username='skymir37';

- 2021-02-08 14:54:21.596 | took 6ms | connection 0 
EXPLAIN select user0_.id as id1_3_, user0_.created_date as created_2_3_, user0_.email_address as email_ad3_3_, user0_.first_name as first_na4_3_, user0_.last_name as last_nam5_3_, user0_.password as password6_3_, user0_.username as username7_3_ from user user0_ where user0_.username='victor284008';

- 2021-02-08 14:54:21.612 | took 0ms | connection 0 
EXPLAIN select user0_.id as id1_3_, user0_.created_date as created_2_3_, user0_.email_address as email_ad3_3_, user0_.first_name as first_na4_3_, user0_.last_name as last_nam5_3_, user0_.password as password6_3_, user0_.username as username7_3_ from user user0_ where user0_.email_address='victor284008@e2e.taskagile.com';

- 2021-02-08 14:54:21.797 | took 8ms | connection 0 
EXPLAIN insert into user (created_date, email_address, first_name, last_name, password, username) values ('08-2월-21', 'victor284008@e2e.taskagile.com', '', '', '$2a$10$OXZuSlvowsspoTVdTH0HfeBtakXy52PSiBiUYv8KVxm57JA8129S2', 'victor284008');

- 2021-02-08 14:54:30.462 | took 0ms | connection 0 
EXPLAIN select user0_.id as id1_3_, user0_.created_date as created_2_3_, user0_.email_address as email_ad3_3_, user0_.first_name as first_na4_3_, user0_.last_name as last_nam5_3_, user0_.password as password6_3_, user0_.username as username7_3_ from user user0_ where user0_.username='not-exist';

- 2021-02-08 14:54:35.584 | took 0ms | connection 0 
EXPLAIN select user0_.id as id1_3_, user0_.created_date as created_2_3_, user0_.email_address as email_ad3_3_, user0_.first_name as first_na4_3_, user0_.last_name as last_nam5_3_, user0_.password as password6_3_, user0_.username as username7_3_ from user user0_ where user0_.username='victor284008';

- 2021-02-08 14:54:35.918 | took 20ms | connection 0 
EXPLAIN  SELECT t.* FROM team t WHERE t.user_id = 35  UNION  (    SELECT t.* FROM team t, board b, board_member bm    WHERE t.id = b.team_id AND bm.board_id = b.id AND bm.user_id = 35  ) ;

- 2021-02-08 14:54:35.936 | took 0ms | connection 0 
EXPLAIN SELECT b.* FROM board b   LEFT JOIN board_member bm ON b.id = bm.board_id  WHERE bm.user_id = 35 ;

- 2021-02-08 14:54:37.796 | took 1ms | connection 0 
EXPLAIN  SELECT t.* FROM team t WHERE t.user_id = 35  UNION  (    SELECT t.* FROM team t, board b, board_member bm    WHERE t.id = b.team_id AND bm.board_id = b.id AND bm.user_id = 35  ) ;

- 2021-02-08 14:54:37.800 | took 0ms | connection 0 
EXPLAIN SELECT b.* FROM board b   LEFT JOIN board_member bm ON b.id = bm.board_id  WHERE bm.user_id = 35 ;

- 2021-02-08 14:54:40.944 | took 0ms | connection 0 
EXPLAIN select user0_.id as id1_3_, user0_.created_date as created_2_3_, user0_.email_address as email_ad3_3_, user0_.first_name as first_na4_3_, user0_.last_name as last_nam5_3_, user0_.password as password6_3_, user0_.username as username7_3_ from user user0_ where user0_.email_address='victor284008@e2e.taskagile.com';

- 2021-02-08 14:54:41.186 | took 1ms | connection 0 
EXPLAIN  SELECT t.* FROM team t WHERE t.user_id = 35  UNION  (    SELECT t.* FROM team t, board b, board_member bm    WHERE t.id = b.team_id AND bm.board_id = b.id AND bm.user_id = 35  ) ;

- 2021-02-08 14:54:41.192 | took 0ms | connection 0 
EXPLAIN SELECT b.* FROM board b   LEFT JOIN board_member bm ON b.id = bm.board_id  WHERE bm.user_id = 35 ;

- 2021-02-08 14:54:43.200 | took 0ms | connection 0 
EXPLAIN  SELECT t.* FROM team t WHERE t.user_id = 35  UNION  (    SELECT t.* FROM team t, board b, board_member bm    WHERE t.id = b.team_id AND bm.board_id = b.id AND bm.user_id = 35  ) ;

- 2021-02-08 14:54:43.203 | took 0ms | connection 0 
EXPLAIN SELECT b.* FROM board b   LEFT JOIN board_member bm ON b.id = bm.board_id  WHERE bm.user_id = 35 ;

- 2021-02-08 14:55:39.431 | took 6ms | connection 0 
EXPLAIN select user0_.id as id1_3_, user0_.created_date as created_2_3_, user0_.email_address as email_ad3_3_, user0_.first_name as first_na4_3_, user0_.last_name as last_nam5_3_, user0_.password as password6_3_, user0_.username as username7_3_ from user user0_ where user0_.username='skymir37';

- 2021-02-08 14:55:39.881 | took 19ms | connection 0 
EXPLAIN  SELECT t.* FROM team t WHERE t.user_id = 29  UNION  (    SELECT t.* FROM team t, board b, board_member bm    WHERE t.id = b.team_id AND bm.board_id = b.id AND bm.user_id = 29  ) ;

- 2021-02-08 14:55:39.907 | took 1ms | connection 0 
EXPLAIN SELECT b.* FROM board b   LEFT JOIN board_member bm ON b.id = bm.board_id  WHERE bm.user_id = 29 ;

- 2021-02-08 14:57:08.995 | took 7ms | connection 0 
EXPLAIN insert into board (archived, created_date, description, name, team_id, user_id) values (false, '08-2월-21', 'Job task', 'Job Task List', 1, 29);

- 2021-02-08 14:57:09.16 | took 0ms | connection 0 
EXPLAIN insert into board_member (board_id, user_id) values (3, 29);

- 2021-02-08 14:57:58.381 | took 1ms | connection 0 
EXPLAIN  SELECT t.* FROM team t WHERE t.user_id = 29  UNION  (    SELECT t.* FROM team t, board b, board_member bm    WHERE t.id = b.team_id AND bm.board_id = b.id AND bm.user_id = 29  ) ;

- 2021-02-08 14:57:58.401 | took 0ms | connection 0 
EXPLAIN SELECT b.* FROM board b   LEFT JOIN board_member bm ON b.id = bm.board_id  WHERE bm.user_id = 29 ;

- 2021-02-08 14:58:01.829 | took 0ms | connection 0 
EXPLAIN  SELECT t.* FROM team t WHERE t.user_id = 29  UNION  (    SELECT t.* FROM team t, board b, board_member bm    WHERE t.id = b.team_id AND bm.board_id = b.id AND bm.user_id = 29  ) ;

- 2021-02-08 14:58:01.834 | took 0ms | connection 0 
EXPLAIN SELECT b.* FROM board b   LEFT JOIN board_member bm ON b.id = bm.board_id  WHERE bm.user_id = 29 ;

- 2021-02-08 14:58:20.226 | took 0ms | connection 0 
EXPLAIN insert into board (archived, created_date, description, name, team_id, user_id) values (false, '08-2월-21', 'dfdf', 'todo2', NULL, 29);

- 2021-02-08 14:58:20.232 | took 4ms | connection 0 
EXPLAIN insert into board_member (board_id, user_id) values (4, 29);

- 2021-02-08 14:59:08.215 | took 1ms | connection 0 
EXPLAIN  SELECT t.* FROM team t WHERE t.user_id = 29  UNION  (    SELECT t.* FROM team t, board b, board_member bm    WHERE t.id = b.team_id AND bm.board_id = b.id AND bm.user_id = 29  ) ;

- 2021-02-08 14:59:08.220 | took 0ms | connection 0 
EXPLAIN SELECT b.* FROM board b   LEFT JOIN board_member bm ON b.id = bm.board_id  WHERE bm.user_id = 29 ;

- 2021-02-08 14:59:19.680 | took 0ms | connection 0 
EXPLAIN  SELECT t.* FROM team t WHERE t.user_id = 29  UNION  (    SELECT t.* FROM team t, board b, board_member bm    WHERE t.id = b.team_id AND bm.board_id = b.id AND bm.user_id = 29  ) ;

- 2021-02-08 14:59:19.758 | took 0ms | connection 0 
EXPLAIN SELECT b.* FROM board b   LEFT JOIN board_member bm ON b.id = bm.board_id  WHERE bm.user_id = 29 ;

- 2021-02-08 15:32:56.232 | took 14ms | connection 11 
EXPLAIN  SELECT t.* FROM team t WHERE t.user_id = 29  UNION  (    SELECT t.* FROM team t, board b, board_member bm    WHERE t.id = b.team_id AND bm.board_id = b.id AND bm.user_id = 29  ) ;

- 2021-02-08 15:32:56.232 | took 14ms | connection 10 
EXPLAIN  SELECT t.* FROM team t WHERE t.user_id = 29  UNION  (    SELECT t.* FROM team t, board b, board_member bm    WHERE t.id = b.team_id AND bm.board_id = b.id AND bm.user_id = 29  ) ;

- 2021-02-08 15:32:56.237 | took 0ms | connection 10 
EXPLAIN SELECT b.* FROM board b   LEFT JOIN board_member bm ON b.id = bm.board_id  WHERE bm.user_id = 29 ;

- 2021-02-08 15:32:56.237 | took 0ms | connection 11 
EXPLAIN SELECT b.* FROM board b   LEFT JOIN board_member bm ON b.id = bm.board_id  WHERE bm.user_id = 29 ;

- 2021-02-08 15:35:50.947 | took 6ms | connection 0 
EXPLAIN select user0_.id as id1_3_, user0_.created_date as created_2_3_, user0_.email_address as email_ad3_3_, user0_.first_name as first_na4_3_, user0_.last_name as last_nam5_3_, user0_.password as password6_3_, user0_.username as username7_3_ from user user0_ where user0_.username='joe646709';

- 2021-02-08 15:35:50.964 | took 0ms | connection 0 
EXPLAIN select user0_.id as id1_3_, user0_.created_date as created_2_3_, user0_.email_address as email_ad3_3_, user0_.first_name as first_na4_3_, user0_.last_name as last_nam5_3_, user0_.password as password6_3_, user0_.username as username7_3_ from user user0_ where user0_.email_address='joe646709@e2e.taskagile.com';

- 2021-02-08 15:35:51.151 | took 7ms | connection 0 
EXPLAIN insert into user (created_date, email_address, first_name, last_name, password, username) values ('08-2월-21', 'joe646709@e2e.taskagile.com', '', '', '$2a$10$.qWx2B2uac4i.Xyv7HfBVOkmmiZGvXe0DBx4s.djXte1PL2OGb7ky', 'joe646709');

- 2021-02-08 15:35:59.755 | took 0ms | connection 0 
EXPLAIN select user0_.id as id1_3_, user0_.created_date as created_2_3_, user0_.email_address as email_ad3_3_, user0_.first_name as first_na4_3_, user0_.last_name as last_nam5_3_, user0_.password as password6_3_, user0_.username as username7_3_ from user user0_ where user0_.username='not-exist';

- 2021-02-08 15:36:03.229 | took 0ms | connection 0 
EXPLAIN select user0_.id as id1_3_, user0_.created_date as created_2_3_, user0_.email_address as email_ad3_3_, user0_.first_name as first_na4_3_, user0_.last_name as last_nam5_3_, user0_.password as password6_3_, user0_.username as username7_3_ from user user0_ where user0_.username='joe646709';

- 2021-02-08 15:36:03.563 | took 14ms | connection 0 
EXPLAIN  SELECT t.* FROM team t WHERE t.user_id = 36  UNION  (    SELECT t.* FROM team t, board b, board_member bm    WHERE t.id = b.team_id AND bm.board_id = b.id AND bm.user_id = 36  ) ;

- 2021-02-08 15:36:03.581 | took 0ms | connection 0 
EXPLAIN SELECT b.* FROM board b   LEFT JOIN board_member bm ON b.id = bm.board_id  WHERE bm.user_id = 36 ;

- 2021-02-08 15:36:05.457 | took 0ms | connection 0 
EXPLAIN  SELECT t.* FROM team t WHERE t.user_id = 36  UNION  (    SELECT t.* FROM team t, board b, board_member bm    WHERE t.id = b.team_id AND bm.board_id = b.id AND bm.user_id = 36  ) ;

- 2021-02-08 15:36:05.461 | took 0ms | connection 0 
EXPLAIN SELECT b.* FROM board b   LEFT JOIN board_member bm ON b.id = bm.board_id  WHERE bm.user_id = 36 ;

- 2021-02-08 15:36:10.504 | took 0ms | connection 0 
EXPLAIN select user0_.id as id1_3_, user0_.created_date as created_2_3_, user0_.email_address as email_ad3_3_, user0_.first_name as first_na4_3_, user0_.last_name as last_nam5_3_, user0_.password as password6_3_, user0_.username as username7_3_ from user user0_ where user0_.email_address='joe646709@e2e.taskagile.com';

- 2021-02-08 15:36:10.737 | took 0ms | connection 0 
EXPLAIN  SELECT t.* FROM team t WHERE t.user_id = 36  UNION  (    SELECT t.* FROM team t, board b, board_member bm    WHERE t.id = b.team_id AND bm.board_id = b.id AND bm.user_id = 36  ) ;

- 2021-02-08 15:36:10.741 | took 0ms | connection 0 
EXPLAIN SELECT b.* FROM board b   LEFT JOIN board_member bm ON b.id = bm.board_id  WHERE bm.user_id = 36 ;

- 2021-02-08 15:36:12.721 | took 0ms | connection 0 
EXPLAIN  SELECT t.* FROM team t WHERE t.user_id = 36  UNION  (    SELECT t.* FROM team t, board b, board_member bm    WHERE t.id = b.team_id AND bm.board_id = b.id AND bm.user_id = 36  ) ;

- 2021-02-08 15:36:12.724 | took 0ms | connection 0 
EXPLAIN SELECT b.* FROM board b   LEFT JOIN board_member bm ON b.id = bm.board_id  WHERE bm.user_id = 36 ;

- 2021-02-08 15:37:58.757 | took 10ms | connection 0 
EXPLAIN select user0_.id as id1_3_, user0_.created_date as created_2_3_, user0_.email_address as email_ad3_3_, user0_.first_name as first_na4_3_, user0_.last_name as last_nam5_3_, user0_.password as password6_3_, user0_.username as username7_3_ from user user0_ where user0_.username='skymir37';

- 2021-02-08 15:37:59.308 | took 16ms | connection 0 
EXPLAIN  SELECT t.* FROM team t WHERE t.user_id = 29  UNION  (    SELECT t.* FROM team t, board b, board_member bm    WHERE t.id = b.team_id AND bm.board_id = b.id AND bm.user_id = 29  ) ;

- 2021-02-08 15:37:59.339 | took 2ms | connection 0 
EXPLAIN SELECT b.* FROM board b   LEFT JOIN board_member bm ON b.id = bm.board_id  WHERE bm.user_id = 29 ;

- 2021-02-08 15:38:59.813 | took 7ms | connection 0 
EXPLAIN insert into board (archived, created_date, description, name, team_id, user_id) values (false, '08-2월-21', 'todo list 3', 'todo3', NULL, 29);

- 2021-02-08 15:38:59.834 | took 0ms | connection 0 
EXPLAIN insert into board_member (board_id, user_id) values (5, 29);

- 2021-02-08 15:39:53.446 | took 1ms | connection 0 
EXPLAIN  SELECT t.* FROM team t WHERE t.user_id = 29  UNION  (    SELECT t.* FROM team t, board b, board_member bm    WHERE t.id = b.team_id AND bm.board_id = b.id AND bm.user_id = 29  ) ;

- 2021-02-08 15:39:53.468 | took 16ms | connection 0 
EXPLAIN SELECT b.* FROM board b   LEFT JOIN board_member bm ON b.id = bm.board_id  WHERE bm.user_id = 29 ;

- 2021-02-08 15:44:44.122 | took 6ms | connection 0 
EXPLAIN select user0_.id as id1_3_, user0_.created_date as created_2_3_, user0_.email_address as email_ad3_3_, user0_.first_name as first_na4_3_, user0_.last_name as last_nam5_3_, user0_.password as password6_3_, user0_.username as username7_3_ from user user0_ where user0_.username='martha162413';

- 2021-02-08 15:44:44.140 | took 0ms | connection 0 
EXPLAIN select user0_.id as id1_3_, user0_.created_date as created_2_3_, user0_.email_address as email_ad3_3_, user0_.first_name as first_na4_3_, user0_.last_name as last_nam5_3_, user0_.password as password6_3_, user0_.username as username7_3_ from user user0_ where user0_.email_address='martha162413@e2e.taskagile.com';

- 2021-02-08 15:44:44.330 | took 7ms | connection 0 
EXPLAIN insert into user (created_date, email_address, first_name, last_name, password, username) values ('08-2월-21', 'martha162413@e2e.taskagile.com', '', '', '$2a$10$i5ECBKJoQJdFRcObQ1CNsOe7cEEVRM.A37ae3iMGRXqi3bHdDA.ge', 'martha162413');

- 2021-02-08 15:44:53.130 | took 0ms | connection 0 
EXPLAIN select user0_.id as id1_3_, user0_.created_date as created_2_3_, user0_.email_address as email_ad3_3_, user0_.first_name as first_na4_3_, user0_.last_name as last_nam5_3_, user0_.password as password6_3_, user0_.username as username7_3_ from user user0_ where user0_.username='not-exist';

- 2021-02-08 15:44:56.465 | took 0ms | connection 0 
EXPLAIN select user0_.id as id1_3_, user0_.created_date as created_2_3_, user0_.email_address as email_ad3_3_, user0_.first_name as first_na4_3_, user0_.last_name as last_nam5_3_, user0_.password as password6_3_, user0_.username as username7_3_ from user user0_ where user0_.username='martha162413';

- 2021-02-08 15:44:56.802 | took 12ms | connection 0 
EXPLAIN  SELECT t.* FROM team t WHERE t.user_id = 37  UNION  (    SELECT t.* FROM team t, board b, board_member bm    WHERE t.id = b.team_id AND bm.board_id = b.id AND bm.user_id = 37  ) ;

- 2021-02-08 15:44:56.826 | took 0ms | connection 0 
EXPLAIN SELECT b.* FROM board b   LEFT JOIN board_member bm ON b.id = bm.board_id  WHERE bm.user_id = 37 ;

- 2021-02-08 15:44:58.700 | took 0ms | connection 0 
EXPLAIN  SELECT t.* FROM team t WHERE t.user_id = 37  UNION  (    SELECT t.* FROM team t, board b, board_member bm    WHERE t.id = b.team_id AND bm.board_id = b.id AND bm.user_id = 37  ) ;

- 2021-02-08 15:44:58.704 | took 0ms | connection 0 
EXPLAIN SELECT b.* FROM board b   LEFT JOIN board_member bm ON b.id = bm.board_id  WHERE bm.user_id = 37 ;

- 2021-02-08 15:45:01.768 | took 0ms | connection 0 
EXPLAIN select user0_.id as id1_3_, user0_.created_date as created_2_3_, user0_.email_address as email_ad3_3_, user0_.first_name as first_na4_3_, user0_.last_name as last_nam5_3_, user0_.password as password6_3_, user0_.username as username7_3_ from user user0_ where user0_.email_address='martha162413@e2e.taskagile.com';

- 2021-02-08 15:45:01.997 | took 0ms | connection 0 
EXPLAIN  SELECT t.* FROM team t WHERE t.user_id = 37  UNION  (    SELECT t.* FROM team t, board b, board_member bm    WHERE t.id = b.team_id AND bm.board_id = b.id AND bm.user_id = 37  ) ;

- 2021-02-08 15:45:02.00 | took 0ms | connection 0 
EXPLAIN SELECT b.* FROM board b   LEFT JOIN board_member bm ON b.id = bm.board_id  WHERE bm.user_id = 37 ;

- 2021-02-08 15:45:03.984 | took 0ms | connection 0 
EXPLAIN  SELECT t.* FROM team t WHERE t.user_id = 37  UNION  (    SELECT t.* FROM team t, board b, board_member bm    WHERE t.id = b.team_id AND bm.board_id = b.id AND bm.user_id = 37  ) ;

- 2021-02-08 15:45:03.988 | took 0ms | connection 0 
EXPLAIN SELECT b.* FROM board b   LEFT JOIN board_member bm ON b.id = bm.board_id  WHERE bm.user_id = 37 ;

- 2021-02-08 15:52:45.964 | took 9ms | connection 0 
EXPLAIN select user0_.id as id1_3_, user0_.created_date as created_2_3_, user0_.email_address as email_ad3_3_, user0_.first_name as first_na4_3_, user0_.last_name as last_nam5_3_, user0_.password as password6_3_, user0_.username as username7_3_ from user user0_ where user0_.username='estella265467';

- 2021-02-08 15:52:45.988 | took 0ms | connection 0 
EXPLAIN select user0_.id as id1_3_, user0_.created_date as created_2_3_, user0_.email_address as email_ad3_3_, user0_.first_name as first_na4_3_, user0_.last_name as last_nam5_3_, user0_.password as password6_3_, user0_.username as username7_3_ from user user0_ where user0_.email_address='estella265467@e2e.taskagile.com';

- 2021-02-08 15:52:46.250 | took 7ms | connection 0 
EXPLAIN insert into user (created_date, email_address, first_name, last_name, password, username) values ('08-2월-21', 'estella265467@e2e.taskagile.com', '', '', '$2a$10$7tqy5MAU7ojT5G1KFrQAFOH3/oY1PW2yuoR.dhxNqUDyvK3FEBBeK', 'estella265467');

- 2021-02-08 15:52:54.790 | took 0ms | connection 0 
EXPLAIN select user0_.id as id1_3_, user0_.created_date as created_2_3_, user0_.email_address as email_ad3_3_, user0_.first_name as first_na4_3_, user0_.last_name as last_nam5_3_, user0_.password as password6_3_, user0_.username as username7_3_ from user user0_ where user0_.username='not-exist';

- 2021-02-08 15:52:58.372 | took 0ms | connection 0 
EXPLAIN select user0_.id as id1_3_, user0_.created_date as created_2_3_, user0_.email_address as email_ad3_3_, user0_.first_name as first_na4_3_, user0_.last_name as last_nam5_3_, user0_.password as password6_3_, user0_.username as username7_3_ from user user0_ where user0_.username='estella265467';

- 2021-02-08 15:52:58.697 | took 10ms | connection 0 
EXPLAIN  SELECT t.* FROM team t WHERE t.user_id = 38  UNION  (    SELECT t.* FROM team t, board b, board_member bm    WHERE t.id = b.team_id AND bm.board_id = b.id AND bm.user_id = 38  ) ;

- 2021-02-08 15:52:58.717 | took 0ms | connection 0 
EXPLAIN SELECT b.* FROM board b   LEFT JOIN board_member bm ON b.id = bm.board_id  WHERE bm.user_id = 38 ;

- 2021-02-08 15:53:00.584 | took 1ms | connection 0 
EXPLAIN  SELECT t.* FROM team t WHERE t.user_id = 38  UNION  (    SELECT t.* FROM team t, board b, board_member bm    WHERE t.id = b.team_id AND bm.board_id = b.id AND bm.user_id = 38  ) ;

- 2021-02-08 15:53:00.590 | took 0ms | connection 0 
EXPLAIN SELECT b.* FROM board b   LEFT JOIN board_member bm ON b.id = bm.board_id  WHERE bm.user_id = 38 ;

- 2021-02-08 15:53:05.463 | took 0ms | connection 0 
EXPLAIN select user0_.id as id1_3_, user0_.created_date as created_2_3_, user0_.email_address as email_ad3_3_, user0_.first_name as first_na4_3_, user0_.last_name as last_nam5_3_, user0_.password as password6_3_, user0_.username as username7_3_ from user user0_ where user0_.email_address='estella265467@e2e.taskagile.com';

- 2021-02-08 15:53:05.690 | took 0ms | connection 0 
EXPLAIN  SELECT t.* FROM team t WHERE t.user_id = 38  UNION  (    SELECT t.* FROM team t, board b, board_member bm    WHERE t.id = b.team_id AND bm.board_id = b.id AND bm.user_id = 38  ) ;

- 2021-02-08 15:53:05.694 | took 0ms | connection 0 
EXPLAIN SELECT b.* FROM board b   LEFT JOIN board_member bm ON b.id = bm.board_id  WHERE bm.user_id = 38 ;

- 2021-02-08 15:53:07.696 | took 0ms | connection 0 
EXPLAIN  SELECT t.* FROM team t WHERE t.user_id = 38  UNION  (    SELECT t.* FROM team t, board b, board_member bm    WHERE t.id = b.team_id AND bm.board_id = b.id AND bm.user_id = 38  ) ;

- 2021-02-08 15:53:07.702 | took 1ms | connection 0 
EXPLAIN SELECT b.* FROM board b   LEFT JOIN board_member bm ON b.id = bm.board_id  WHERE bm.user_id = 38 ;

- 2021-02-09 00:22:32.968 | took 7ms | connection 0 
EXPLAIN select user0_.id as id1_3_, user0_.created_date as created_2_3_, user0_.email_address as email_ad3_3_, user0_.first_name as first_na4_3_, user0_.last_name as last_nam5_3_, user0_.password as password6_3_, user0_.username as username7_3_ from user user0_ where user0_.username='lela213595';

- 2021-02-09 00:22:33.90 | took 0ms | connection 0 
EXPLAIN select user0_.id as id1_3_, user0_.created_date as created_2_3_, user0_.email_address as email_ad3_3_, user0_.first_name as first_na4_3_, user0_.last_name as last_nam5_3_, user0_.password as password6_3_, user0_.username as username7_3_ from user user0_ where user0_.email_address='lela213595@e2e.taskagile.com';

- 2021-02-09 00:22:33.323 | took 1ms | connection 0 
EXPLAIN insert into user (created_date, email_address, first_name, last_name, password, username) values ('09-2월-21', 'lela213595@e2e.taskagile.com', '', '', '$2a$10$fTT6lo.dTtNZEdV8yhB6iuxBRZ3ZFvojvkSXsN.3tr6ltaBBObZXu', 'lela213595');

- 2021-02-09 00:22:41.715 | took 0ms | connection 0 
EXPLAIN select user0_.id as id1_3_, user0_.created_date as created_2_3_, user0_.email_address as email_ad3_3_, user0_.first_name as first_na4_3_, user0_.last_name as last_nam5_3_, user0_.password as password6_3_, user0_.username as username7_3_ from user user0_ where user0_.username='not-exist';

- 2021-02-09 00:22:45.58 | took 0ms | connection 0 
EXPLAIN select user0_.id as id1_3_, user0_.created_date as created_2_3_, user0_.email_address as email_ad3_3_, user0_.first_name as first_na4_3_, user0_.last_name as last_nam5_3_, user0_.password as password6_3_, user0_.username as username7_3_ from user user0_ where user0_.username='lela213595';

- 2021-02-09 00:22:45.385 | took 1ms | connection 0 
EXPLAIN  SELECT t.* FROM team t WHERE t.user_id = 39  UNION  (    SELECT t.* FROM team t, board b, board_member bm    WHERE t.id = b.team_id AND bm.board_id = b.id AND bm.user_id = 39  ) ;

- 2021-02-09 00:22:45.402 | took 0ms | connection 0 
EXPLAIN SELECT b.* FROM board b   LEFT JOIN board_member bm ON b.id = bm.board_id  WHERE bm.user_id = 39 ;

- 2021-02-09 00:22:47.253 | took 0ms | connection 0 
EXPLAIN  SELECT t.* FROM team t WHERE t.user_id = 39  UNION  (    SELECT t.* FROM team t, board b, board_member bm    WHERE t.id = b.team_id AND bm.board_id = b.id AND bm.user_id = 39  ) ;

- 2021-02-09 00:22:47.258 | took 1ms | connection 0 
EXPLAIN SELECT b.* FROM board b   LEFT JOIN board_member bm ON b.id = bm.board_id  WHERE bm.user_id = 39 ;

- 2021-02-09 00:22:50.157 | took 0ms | connection 0 
EXPLAIN select user0_.id as id1_3_, user0_.created_date as created_2_3_, user0_.email_address as email_ad3_3_, user0_.first_name as first_na4_3_, user0_.last_name as last_nam5_3_, user0_.password as password6_3_, user0_.username as username7_3_ from user user0_ where user0_.email_address='lela213595@e2e.taskagile.com';

- 2021-02-09 00:22:50.389 | took 1ms | connection 0 
EXPLAIN  SELECT t.* FROM team t WHERE t.user_id = 39  UNION  (    SELECT t.* FROM team t, board b, board_member bm    WHERE t.id = b.team_id AND bm.board_id = b.id AND bm.user_id = 39  ) ;

- 2021-02-09 00:22:50.392 | took 0ms | connection 0 
EXPLAIN SELECT b.* FROM board b   LEFT JOIN board_member bm ON b.id = bm.board_id  WHERE bm.user_id = 39 ;

- 2021-02-09 00:22:52.395 | took 0ms | connection 0 
EXPLAIN  SELECT t.* FROM team t WHERE t.user_id = 39  UNION  (    SELECT t.* FROM team t, board b, board_member bm    WHERE t.id = b.team_id AND bm.board_id = b.id AND bm.user_id = 39  ) ;

- 2021-02-09 00:22:52.398 | took 0ms | connection 0 
EXPLAIN SELECT b.* FROM board b   LEFT JOIN board_member bm ON b.id = bm.board_id  WHERE bm.user_id = 39 ;

- 2021-02-09 01:49:01.359 | took 13ms | connection 0 
EXPLAIN select user0_.id as id1_3_, user0_.created_date as created_2_3_, user0_.email_address as email_ad3_3_, user0_.first_name as first_na4_3_, user0_.last_name as last_nam5_3_, user0_.password as password6_3_, user0_.username as username7_3_ from user user0_ where user0_.username='skymir37';

- 2021-02-09 01:49:01.840 | took 1ms | connection 0 
EXPLAIN  SELECT t.* FROM team t WHERE t.user_id = 29  UNION  (    SELECT t.* FROM team t, board b, board_member bm    WHERE t.id = b.team_id AND bm.board_id = b.id AND bm.user_id = 29  ) ;

- 2021-02-09 01:49:01.867 | took 1ms | connection 0 
EXPLAIN SELECT b.* FROM board b   LEFT JOIN board_member bm ON b.id = bm.board_id  WHERE bm.user_id = 29 ;

- 2021-02-09 01:49:38.961 | took 7ms | connection 0 
EXPLAIN insert into board (archived, created_date, description, name, team_id, user_id) values (false, '09-2월-21', 'Job Taks 2', 'Job Taks2', 1, 29);

- 2021-02-09 01:49:38.980 | took 0ms | connection 0 
EXPLAIN insert into board_member (board_id, user_id) values (6, 29);

- 2021-02-09 01:58:23.691 | took 6ms | connection 0 
EXPLAIN select user0_.id as id1_3_, user0_.created_date as created_2_3_, user0_.email_address as email_ad3_3_, user0_.first_name as first_na4_3_, user0_.last_name as last_nam5_3_, user0_.password as password6_3_, user0_.username as username7_3_ from user user0_ where user0_.username='blanche999254';

- 2021-02-09 01:58:23.708 | took 0ms | connection 0 
EXPLAIN select user0_.id as id1_3_, user0_.created_date as created_2_3_, user0_.email_address as email_ad3_3_, user0_.first_name as first_na4_3_, user0_.last_name as last_nam5_3_, user0_.password as password6_3_, user0_.username as username7_3_ from user user0_ where user0_.email_address='blanche999254@e2e.taskagile.com';

- 2021-02-09 01:58:23.902 | took 7ms | connection 0 
EXPLAIN insert into user (created_date, email_address, first_name, last_name, password, username) values ('09-2월-21', 'blanche999254@e2e.taskagile.com', '', '', '$2a$10$0z6wgV3zJ1u8JzWR0ui8pe1ncSEIBu7e7Z3u8htL2M2ZcrZBegcMm', 'blanche999254');

- 2021-02-09 01:58:34.438 | took 0ms | connection 0 
EXPLAIN select user0_.id as id1_3_, user0_.created_date as created_2_3_, user0_.email_address as email_ad3_3_, user0_.first_name as first_na4_3_, user0_.last_name as last_nam5_3_, user0_.password as password6_3_, user0_.username as username7_3_ from user user0_ where user0_.username='not-exist';

- 2021-02-09 01:58:37.861 | took 0ms | connection 0 
EXPLAIN select user0_.id as id1_3_, user0_.created_date as created_2_3_, user0_.email_address as email_ad3_3_, user0_.first_name as first_na4_3_, user0_.last_name as last_nam5_3_, user0_.password as password6_3_, user0_.username as username7_3_ from user user0_ where user0_.username='blanche999254';

- 2021-02-09 01:58:38.171 | took 1ms | connection 0 
EXPLAIN  SELECT t.* FROM team t WHERE t.user_id = 40  UNION  (    SELECT t.* FROM team t, board b, board_member bm    WHERE t.id = b.team_id AND bm.board_id = b.id AND bm.user_id = 40  ) ;

- 2021-02-09 01:58:38.209 | took 16ms | connection 0 
EXPLAIN SELECT b.* FROM board b   LEFT JOIN board_member bm ON b.id = bm.board_id  WHERE bm.user_id = 40 ;

- 2021-02-09 01:58:40.75 | took 0ms | connection 0 
EXPLAIN  SELECT t.* FROM team t WHERE t.user_id = 40  UNION  (    SELECT t.* FROM team t, board b, board_member bm    WHERE t.id = b.team_id AND bm.board_id = b.id AND bm.user_id = 40  ) ;

- 2021-02-09 01:58:40.79 | took 0ms | connection 0 
EXPLAIN SELECT b.* FROM board b   LEFT JOIN board_member bm ON b.id = bm.board_id  WHERE bm.user_id = 40 ;

- 2021-02-09 01:58:43.132 | took 0ms | connection 0 
EXPLAIN select user0_.id as id1_3_, user0_.created_date as created_2_3_, user0_.email_address as email_ad3_3_, user0_.first_name as first_na4_3_, user0_.last_name as last_nam5_3_, user0_.password as password6_3_, user0_.username as username7_3_ from user user0_ where user0_.email_address='blanche999254@e2e.taskagile.com';

- 2021-02-09 01:58:43.369 | took 1ms | connection 0 
EXPLAIN  SELECT t.* FROM team t WHERE t.user_id = 40  UNION  (    SELECT t.* FROM team t, board b, board_member bm    WHERE t.id = b.team_id AND bm.board_id = b.id AND bm.user_id = 40  ) ;

- 2021-02-09 01:58:43.373 | took 0ms | connection 0 
EXPLAIN SELECT b.* FROM board b   LEFT JOIN board_member bm ON b.id = bm.board_id  WHERE bm.user_id = 40 ;

- 2021-02-09 01:58:45.350 | took 0ms | connection 0 
EXPLAIN  SELECT t.* FROM team t WHERE t.user_id = 40  UNION  (    SELECT t.* FROM team t, board b, board_member bm    WHERE t.id = b.team_id AND bm.board_id = b.id AND bm.user_id = 40  ) ;

- 2021-02-09 01:58:45.354 | took 0ms | connection 0 
EXPLAIN SELECT b.* FROM board b   LEFT JOIN board_member bm ON b.id = bm.board_id  WHERE bm.user_id = 40 ;

- 2021-02-09 02:00:11.220 | took 6ms | connection 0 
EXPLAIN select user0_.id as id1_3_, user0_.created_date as created_2_3_, user0_.email_address as email_ad3_3_, user0_.first_name as first_na4_3_, user0_.last_name as last_nam5_3_, user0_.password as password6_3_, user0_.username as username7_3_ from user user0_ where user0_.username='skymir37';

- 2021-02-09 02:00:11.694 | took 1ms | connection 0 
EXPLAIN  SELECT t.* FROM team t WHERE t.user_id = 29  UNION  (    SELECT t.* FROM team t, board b, board_member bm    WHERE t.id = b.team_id AND bm.board_id = b.id AND bm.user_id = 29  ) ;

- 2021-02-09 02:00:11.725 | took 1ms | connection 0 
EXPLAIN SELECT b.* FROM board b   LEFT JOIN board_member bm ON b.id = bm.board_id  WHERE bm.user_id = 29 ;

- 2021-02-09 02:00:44.432 | took 7ms | connection 0 
EXPLAIN insert into board (archived, created_date, description, name, team_id, user_id) values (false, '09-2월-21', 'job task 3', 'Job Taks3', 1, 29);

- 2021-02-09 02:00:44.449 | took 0ms | connection 0 
EXPLAIN insert into board_member (board_id, user_id) values (7, 29);

- 2021-02-09 02:00:44.649 | took 1ms | connection 0 
EXPLAIN  SELECT t.* FROM team t WHERE t.user_id = 29  UNION  (    SELECT t.* FROM team t, board b, board_member bm    WHERE t.id = b.team_id AND bm.board_id = b.id AND bm.user_id = 29  ) ;

- 2021-02-09 02:00:44.655 | took 1ms | connection 0 
EXPLAIN SELECT b.* FROM board b   LEFT JOIN board_member bm ON b.id = bm.board_id  WHERE bm.user_id = 29 ;

- 2021-02-09 02:05:51.08 | took 6ms | connection 0 
EXPLAIN select user0_.id as id1_3_, user0_.created_date as created_2_3_, user0_.email_address as email_ad3_3_, user0_.first_name as first_na4_3_, user0_.last_name as last_nam5_3_, user0_.password as password6_3_, user0_.username as username7_3_ from user user0_ where user0_.username='rhoda715561';

- 2021-02-09 02:05:51.27 | took 0ms | connection 0 
EXPLAIN select user0_.id as id1_3_, user0_.created_date as created_2_3_, user0_.email_address as email_ad3_3_, user0_.first_name as first_na4_3_, user0_.last_name as last_nam5_3_, user0_.password as password6_3_, user0_.username as username7_3_ from user user0_ where user0_.email_address='rhoda715561@e2e.taskagile.com';

- 2021-02-09 02:05:51.226 | took 7ms | connection 0 
EXPLAIN insert into user (created_date, email_address, first_name, last_name, password, username) values ('09-2월-21', 'rhoda715561@e2e.taskagile.com', '', '', '$2a$10$FTyLQBDfkwTTzESBq04L/.cnqprR12OZonqfw5iDhXtQGJNZluFMm', 'rhoda715561');

- 2021-02-09 02:05:59.812 | took 0ms | connection 0 
EXPLAIN select user0_.id as id1_3_, user0_.created_date as created_2_3_, user0_.email_address as email_ad3_3_, user0_.first_name as first_na4_3_, user0_.last_name as last_nam5_3_, user0_.password as password6_3_, user0_.username as username7_3_ from user user0_ where user0_.username='not-exist';

- 2021-02-09 02:06:03.126 | took 0ms | connection 0 
EXPLAIN select user0_.id as id1_3_, user0_.created_date as created_2_3_, user0_.email_address as email_ad3_3_, user0_.first_name as first_na4_3_, user0_.last_name as last_nam5_3_, user0_.password as password6_3_, user0_.username as username7_3_ from user user0_ where user0_.username='rhoda715561';

- 2021-02-09 02:06:03.431 | took 0ms | connection 0 
EXPLAIN  SELECT t.* FROM team t WHERE t.user_id = 41  UNION  (    SELECT t.* FROM team t, board b, board_member bm    WHERE t.id = b.team_id AND bm.board_id = b.id AND bm.user_id = 41  ) ;

- 2021-02-09 02:06:03.448 | took 0ms | connection 0 
EXPLAIN SELECT b.* FROM board b   LEFT JOIN board_member bm ON b.id = bm.board_id  WHERE bm.user_id = 41 ;

- 2021-02-09 02:06:05.348 | took 2ms | connection 0 
EXPLAIN  SELECT t.* FROM team t WHERE t.user_id = 41  UNION  (    SELECT t.* FROM team t, board b, board_member bm    WHERE t.id = b.team_id AND bm.board_id = b.id AND bm.user_id = 41  ) ;

- 2021-02-09 02:06:05.353 | took 0ms | connection 0 
EXPLAIN SELECT b.* FROM board b   LEFT JOIN board_member bm ON b.id = bm.board_id  WHERE bm.user_id = 41 ;

- 2021-02-09 02:06:08.368 | took 0ms | connection 0 
EXPLAIN select user0_.id as id1_3_, user0_.created_date as created_2_3_, user0_.email_address as email_ad3_3_, user0_.first_name as first_na4_3_, user0_.last_name as last_nam5_3_, user0_.password as password6_3_, user0_.username as username7_3_ from user user0_ where user0_.email_address='rhoda715561@e2e.taskagile.com';

- 2021-02-09 02:06:08.602 | took 1ms | connection 0 
EXPLAIN  SELECT t.* FROM team t WHERE t.user_id = 41  UNION  (    SELECT t.* FROM team t, board b, board_member bm    WHERE t.id = b.team_id AND bm.board_id = b.id AND bm.user_id = 41  ) ;

- 2021-02-09 02:06:08.606 | took 0ms | connection 0 
EXPLAIN SELECT b.* FROM board b   LEFT JOIN board_member bm ON b.id = bm.board_id  WHERE bm.user_id = 41 ;

- 2021-02-09 02:06:10.587 | took 0ms | connection 0 
EXPLAIN  SELECT t.* FROM team t WHERE t.user_id = 41  UNION  (    SELECT t.* FROM team t, board b, board_member bm    WHERE t.id = b.team_id AND bm.board_id = b.id AND bm.user_id = 41  ) ;

- 2021-02-09 02:06:10.591 | took 0ms | connection 0 
EXPLAIN SELECT b.* FROM board b   LEFT JOIN board_member bm ON b.id = bm.board_id  WHERE bm.user_id = 41 ;

- 2021-02-10 12:50:56.169 | took 88ms | connection 0 
EXPLAIN select user0_.id as id1_5_, user0_.created_date as created_2_5_, user0_.email_address as email_ad3_5_, user0_.first_name as first_na4_5_, user0_.last_name as last_nam5_5_, user0_.password as password6_5_, user0_.username as username7_5_ from user user0_ where user0_.username='andre664570';

- 2021-02-10 12:50:56.340 | took 7ms | connection 0 
EXPLAIN select user0_.id as id1_5_, user0_.created_date as created_2_5_, user0_.email_address as email_ad3_5_, user0_.first_name as first_na4_5_, user0_.last_name as last_nam5_5_, user0_.password as password6_5_, user0_.username as username7_5_ from user user0_ where user0_.email_address='andre664570@e2e.taskagile.com';

- 2021-02-10 12:50:56.536 | took 17ms | connection 0 
EXPLAIN insert into user (created_date, email_address, first_name, last_name, password, username) values ('10-2월-21', 'andre664570@e2e.taskagile.com', 'Andre', 'Harmon', '$2a$10$kNkO508G3L4Oku4xYJ7.oe7oCRQcxPPn5jDHaIbLle3Z5dah8XGOO', 'andre664570');

- 2021-02-10 12:51:05.422 | took 0ms | connection 0 
EXPLAIN select user0_.id as id1_5_, user0_.created_date as created_2_5_, user0_.email_address as email_ad3_5_, user0_.first_name as first_na4_5_, user0_.last_name as last_nam5_5_, user0_.password as password6_5_, user0_.username as username7_5_ from user user0_ where user0_.username='not-exist';

- 2021-02-10 12:51:08.683 | took 7ms | connection 0 
EXPLAIN select user0_.id as id1_5_, user0_.created_date as created_2_5_, user0_.email_address as email_ad3_5_, user0_.first_name as first_na4_5_, user0_.last_name as last_nam5_5_, user0_.password as password6_5_, user0_.username as username7_5_ from user user0_ where user0_.username='andre664570';

- 2021-02-10 12:51:08.940 | took 1ms | connection 0 
EXPLAIN select user0_.id as id1_5_, user0_.created_date as created_2_5_, user0_.email_address as email_ad3_5_, user0_.first_name as first_na4_5_, user0_.last_name as last_nam5_5_, user0_.password as password6_5_, user0_.username as username7_5_ from user user0_ where user0_.id=42;

- 2021-02-10 12:51:09.48 | took 52ms | connection 0 
EXPLAIN  SELECT t.* FROM team t WHERE t.user_id = 42   UNION   (    SELECT t.* FROM team t, board b, board_member bm    WHERE t.id = b.team_id AND bm.board_id = b.id AND bm.user_id = 42   ) ;

- 2021-02-10 12:51:09.81 | took 0ms | connection 0 
EXPLAIN SELECT b.* FROM board b   LEFT JOIN board_member bm ON b.id = bm.board_id  WHERE bm.user_id = 42 ;

- 2021-02-10 12:51:10.896 | took 0ms | connection 0 
EXPLAIN select user0_.id as id1_5_, user0_.created_date as created_2_5_, user0_.email_address as email_ad3_5_, user0_.first_name as first_na4_5_, user0_.last_name as last_nam5_5_, user0_.password as password6_5_, user0_.username as username7_5_ from user user0_ where user0_.id=42;

- 2021-02-10 12:51:10.902 | took 1ms | connection 0 
EXPLAIN  SELECT t.* FROM team t WHERE t.user_id = 42   UNION   (    SELECT t.* FROM team t, board b, board_member bm    WHERE t.id = b.team_id AND bm.board_id = b.id AND bm.user_id = 42   ) ;

- 2021-02-10 12:51:10.907 | took 1ms | connection 0 
EXPLAIN SELECT b.* FROM board b   LEFT JOIN board_member bm ON b.id = bm.board_id  WHERE bm.user_id = 42 ;

- 2021-02-10 12:51:15.675 | took 0ms | connection 0 
EXPLAIN select user0_.id as id1_5_, user0_.created_date as created_2_5_, user0_.email_address as email_ad3_5_, user0_.first_name as first_na4_5_, user0_.last_name as last_nam5_5_, user0_.password as password6_5_, user0_.username as username7_5_ from user user0_ where user0_.email_address='andre664570@e2e.taskagile.com';

- 2021-02-10 12:51:15.895 | took 0ms | connection 0 
EXPLAIN select user0_.id as id1_5_, user0_.created_date as created_2_5_, user0_.email_address as email_ad3_5_, user0_.first_name as first_na4_5_, user0_.last_name as last_nam5_5_, user0_.password as password6_5_, user0_.username as username7_5_ from user user0_ where user0_.id=42;

- 2021-02-10 12:51:15.899 | took 0ms | connection 0 
EXPLAIN  SELECT t.* FROM team t WHERE t.user_id = 42   UNION   (    SELECT t.* FROM team t, board b, board_member bm    WHERE t.id = b.team_id AND bm.board_id = b.id AND bm.user_id = 42   ) ;

- 2021-02-10 12:51:15.905 | took 0ms | connection 0 
EXPLAIN SELECT b.* FROM board b   LEFT JOIN board_member bm ON b.id = bm.board_id  WHERE bm.user_id = 42 ;

- 2021-02-10 12:51:17.918 | took 0ms | connection 0 
EXPLAIN select user0_.id as id1_5_, user0_.created_date as created_2_5_, user0_.email_address as email_ad3_5_, user0_.first_name as first_na4_5_, user0_.last_name as last_nam5_5_, user0_.password as password6_5_, user0_.username as username7_5_ from user user0_ where user0_.id=42;

- 2021-02-10 12:51:17.926 | took 1ms | connection 0 
EXPLAIN  SELECT t.* FROM team t WHERE t.user_id = 42   UNION   (    SELECT t.* FROM team t, board b, board_member bm    WHERE t.id = b.team_id AND bm.board_id = b.id AND bm.user_id = 42   ) ;

- 2021-02-10 12:51:17.930 | took 0ms | connection 0 
EXPLAIN SELECT b.* FROM board b   LEFT JOIN board_member bm ON b.id = bm.board_id  WHERE bm.user_id = 42 ;

- 2021-02-10 12:58:30.999 | took 11ms | connection 0 
EXPLAIN select user0_.id as id1_5_, user0_.created_date as created_2_5_, user0_.email_address as email_ad3_5_, user0_.first_name as first_na4_5_, user0_.last_name as last_nam5_5_, user0_.password as password6_5_, user0_.username as username7_5_ from user user0_ where user0_.username='skymir37';

- 2021-02-10 12:58:31.353 | took 0ms | connection 0 
EXPLAIN select user0_.id as id1_5_, user0_.created_date as created_2_5_, user0_.email_address as email_ad3_5_, user0_.first_name as first_na4_5_, user0_.last_name as last_nam5_5_, user0_.password as password6_5_, user0_.username as username7_5_ from user user0_ where user0_.id=29;

- 2021-02-10 12:58:31.436 | took 18ms | connection 0 
EXPLAIN  SELECT t.* FROM team t WHERE t.user_id = 29   UNION   (    SELECT t.* FROM team t, board b, board_member bm    WHERE t.id = b.team_id AND bm.board_id = b.id AND bm.user_id = 29   ) ;

- 2021-02-10 12:58:31.465 | took 1ms | connection 0 
EXPLAIN SELECT b.* FROM board b   LEFT JOIN board_member bm ON b.id = bm.board_id  WHERE bm.user_id = 29 ;

- 2021-02-10 12:58:35.825 | took 0ms | connection 0 
EXPLAIN select user0_.id as id1_5_, user0_.created_date as created_2_5_, user0_.email_address as email_ad3_5_, user0_.first_name as first_na4_5_, user0_.last_name as last_nam5_5_, user0_.password as password6_5_, user0_.username as username7_5_ from user user0_ where user0_.id=29;

- 2021-02-10 12:58:35.831 | took 1ms | connection 0 
EXPLAIN  SELECT t.* FROM team t WHERE t.user_id = 29   UNION   (    SELECT t.* FROM team t, board b, board_member bm    WHERE t.id = b.team_id AND bm.board_id = b.id AND bm.user_id = 29   ) ;

- 2021-02-10 12:58:35.849 | took 1ms | connection 0 
EXPLAIN SELECT b.* FROM board b   LEFT JOIN board_member bm ON b.id = bm.board_id  WHERE bm.user_id = 29 ;

- 2021-02-10 12:58:35.859 | took 5ms | connection 1 
EXPLAIN select board0_.id as id1_0_, board0_.archived as archived2_0_, board0_.created_date as created_3_0_, board0_.description as descript4_0_, board0_.name as name5_0_, board0_.team_id as team_id6_0_, board0_.user_id as user_id7_0_ from board board0_ where board0_.id=1;

- 2021-02-10 12:58:35.882 | took 6ms | connection 1 
EXPLAIN  SELECT u.* FROM user u  LEFT JOIN board_member bm ON u.id = bm.user_id  WHERE bm.board_id = 1 ;

- 2021-02-10 12:58:35.940 | took 37ms | connection 1 
EXPLAIN SELECT cl.* FROM card_list cl WHERE cl.board_id = 1;

- 2021-02-10 12:58:35.981 | took 25ms | connection 1 
EXPLAIN SELECT c.* FROM card c LEFT JOIN card_list cl ON c.card_list_id = cl.id WHERE cl.board_id = 1;

- 2021-02-10 13:22:50.81 | took 9ms | connection 0 
EXPLAIN select user0_.id as id1_5_, user0_.created_date as created_2_5_, user0_.email_address as email_ad3_5_, user0_.first_name as first_na4_5_, user0_.last_name as last_nam5_5_, user0_.password as password6_5_, user0_.username as username7_5_ from user user0_ where user0_.username='skymir37';

- 2021-02-10 13:22:50.397 | took 0ms | connection 0 
EXPLAIN select user0_.id as id1_5_, user0_.created_date as created_2_5_, user0_.email_address as email_ad3_5_, user0_.first_name as first_na4_5_, user0_.last_name as last_nam5_5_, user0_.password as password6_5_, user0_.username as username7_5_ from user user0_ where user0_.id=29;

- 2021-02-10 13:22:50.463 | took 15ms | connection 0 
EXPLAIN  SELECT t.* FROM team t WHERE t.user_id = 29   UNION   (    SELECT t.* FROM team t, board b, board_member bm    WHERE t.id = b.team_id AND bm.board_id = b.id AND bm.user_id = 29   ) ;

- 2021-02-10 13:22:50.482 | took 0ms | connection 0 
EXPLAIN SELECT b.* FROM board b   LEFT JOIN board_member bm ON b.id = bm.board_id  WHERE bm.user_id = 29 ;

- 2021-02-10 13:23:02.979 | took 0ms | connection 0 
EXPLAIN select user0_.id as id1_5_, user0_.created_date as created_2_5_, user0_.email_address as email_ad3_5_, user0_.first_name as first_na4_5_, user0_.last_name as last_nam5_5_, user0_.password as password6_5_, user0_.username as username7_5_ from user user0_ where user0_.id=29;

- 2021-02-10 13:23:02.984 | took 0ms | connection 0 
EXPLAIN  SELECT t.* FROM team t WHERE t.user_id = 29   UNION   (    SELECT t.* FROM team t, board b, board_member bm    WHERE t.id = b.team_id AND bm.board_id = b.id AND bm.user_id = 29   ) ;

- 2021-02-10 13:23:03.01 | took 1ms | connection 0 
EXPLAIN SELECT b.* FROM board b   LEFT JOIN board_member bm ON b.id = bm.board_id  WHERE bm.user_id = 29 ;

- 2021-02-10 13:23:03.12 | took 5ms | connection 1 
EXPLAIN select board0_.id as id1_0_, board0_.archived as archived2_0_, board0_.created_date as created_3_0_, board0_.description as descript4_0_, board0_.name as name5_0_, board0_.team_id as team_id6_0_, board0_.user_id as user_id7_0_ from board board0_ where board0_.id=1;

- 2021-02-10 13:23:03.38 | took 9ms | connection 1 
EXPLAIN  SELECT u.* FROM user u  LEFT JOIN board_member bm ON u.id = bm.user_id  WHERE bm.board_id = 1 ;

- 2021-02-10 13:23:03.61 | took 4ms | connection 1 
EXPLAIN SELECT cl.* FROM card_list cl WHERE cl.board_id = 1;

- 2021-02-10 13:23:03.83 | took 3ms | connection 1 
EXPLAIN SELECT c.* FROM card c LEFT JOIN card_list cl ON c.card_list_id = cl.id WHERE cl.board_id = 1;

- 2021-02-10 14:08:26.731 | took 9ms | connection 0 
EXPLAIN select user0_.id as id1_5_, user0_.created_date as created_2_5_, user0_.email_address as email_ad3_5_, user0_.first_name as first_na4_5_, user0_.last_name as last_nam5_5_, user0_.password as password6_5_, user0_.username as username7_5_ from user user0_ where user0_.username='carrie574900';

- 2021-02-10 14:08:26.751 | took 0ms | connection 0 
EXPLAIN select user0_.id as id1_5_, user0_.created_date as created_2_5_, user0_.email_address as email_ad3_5_, user0_.first_name as first_na4_5_, user0_.last_name as last_nam5_5_, user0_.password as password6_5_, user0_.username as username7_5_ from user user0_ where user0_.email_address='carrie574900@e2e.taskagile.com';

- 2021-02-10 14:08:26.962 | took 7ms | connection 0 
EXPLAIN insert into user (created_date, email_address, first_name, last_name, password, username) values ('10-2월-21', 'carrie574900@e2e.taskagile.com', 'Carrie', 'Morales', '$2a$10$9ujrnMAvn0Hnxc4DQrzE3u2.w9wOSQrOZ21qTo4myGDU5uUPiazNO', 'carrie574900');

- 2021-02-10 14:08:35.494 | took 0ms | connection 0 
EXPLAIN select user0_.id as id1_5_, user0_.created_date as created_2_5_, user0_.email_address as email_ad3_5_, user0_.first_name as first_na4_5_, user0_.last_name as last_nam5_5_, user0_.password as password6_5_, user0_.username as username7_5_ from user user0_ where user0_.username='not-exist';

- 2021-02-10 14:08:38.761 | took 0ms | connection 0 
EXPLAIN select user0_.id as id1_5_, user0_.created_date as created_2_5_, user0_.email_address as email_ad3_5_, user0_.first_name as first_na4_5_, user0_.last_name as last_nam5_5_, user0_.password as password6_5_, user0_.username as username7_5_ from user user0_ where user0_.username='carrie574900';

- 2021-02-10 14:08:39.24 | took 1ms | connection 0 
EXPLAIN select user0_.id as id1_5_, user0_.created_date as created_2_5_, user0_.email_address as email_ad3_5_, user0_.first_name as first_na4_5_, user0_.last_name as last_nam5_5_, user0_.password as password6_5_, user0_.username as username7_5_ from user user0_ where user0_.id=43;

- 2021-02-10 14:08:39.98 | took 12ms | connection 0 
EXPLAIN  SELECT t.* FROM team t WHERE t.user_id = 43   UNION   (    SELECT t.* FROM team t, board b, board_member bm    WHERE t.id = b.team_id AND bm.board_id = b.id AND bm.user_id = 43   ) ;

- 2021-02-10 14:08:39.128 | took 0ms | connection 0 
EXPLAIN SELECT b.* FROM board b   LEFT JOIN board_member bm ON b.id = bm.board_id  WHERE bm.user_id = 43 ;

- 2021-02-10 14:08:40.980 | took 0ms | connection 0 
EXPLAIN select user0_.id as id1_5_, user0_.created_date as created_2_5_, user0_.email_address as email_ad3_5_, user0_.first_name as first_na4_5_, user0_.last_name as last_nam5_5_, user0_.password as password6_5_, user0_.username as username7_5_ from user user0_ where user0_.id=43;

- 2021-02-10 14:08:40.985 | took 0ms | connection 0 
EXPLAIN  SELECT t.* FROM team t WHERE t.user_id = 43   UNION   (    SELECT t.* FROM team t, board b, board_member bm    WHERE t.id = b.team_id AND bm.board_id = b.id AND bm.user_id = 43   ) ;

- 2021-02-10 14:08:40.991 | took 1ms | connection 0 
EXPLAIN SELECT b.* FROM board b   LEFT JOIN board_member bm ON b.id = bm.board_id  WHERE bm.user_id = 43 ;

- 2021-02-10 14:08:43.969 | took 0ms | connection 0 
EXPLAIN select user0_.id as id1_5_, user0_.created_date as created_2_5_, user0_.email_address as email_ad3_5_, user0_.first_name as first_na4_5_, user0_.last_name as last_nam5_5_, user0_.password as password6_5_, user0_.username as username7_5_ from user user0_ where user0_.email_address='carrie574900@e2e.taskagile.com';

- 2021-02-10 14:08:44.188 | took 0ms | connection 0 
EXPLAIN select user0_.id as id1_5_, user0_.created_date as created_2_5_, user0_.email_address as email_ad3_5_, user0_.first_name as first_na4_5_, user0_.last_name as last_nam5_5_, user0_.password as password6_5_, user0_.username as username7_5_ from user user0_ where user0_.id=43;

- 2021-02-10 14:08:44.192 | took 0ms | connection 0 
EXPLAIN  SELECT t.* FROM team t WHERE t.user_id = 43   UNION   (    SELECT t.* FROM team t, board b, board_member bm    WHERE t.id = b.team_id AND bm.board_id = b.id AND bm.user_id = 43   ) ;

- 2021-02-10 14:08:44.195 | took 0ms | connection 0 
EXPLAIN SELECT b.* FROM board b   LEFT JOIN board_member bm ON b.id = bm.board_id  WHERE bm.user_id = 43 ;

- 2021-02-10 14:08:46.194 | took 0ms | connection 0 
EXPLAIN select user0_.id as id1_5_, user0_.created_date as created_2_5_, user0_.email_address as email_ad3_5_, user0_.first_name as first_na4_5_, user0_.last_name as last_nam5_5_, user0_.password as password6_5_, user0_.username as username7_5_ from user user0_ where user0_.id=43;

- 2021-02-10 14:08:46.199 | took 0ms | connection 0 
EXPLAIN  SELECT t.* FROM team t WHERE t.user_id = 43   UNION   (    SELECT t.* FROM team t, board b, board_member bm    WHERE t.id = b.team_id AND bm.board_id = b.id AND bm.user_id = 43   ) ;

- 2021-02-10 14:08:46.206 | took 0ms | connection 0 
EXPLAIN SELECT b.* FROM board b   LEFT JOIN board_member bm ON b.id = bm.board_id  WHERE bm.user_id = 43 ;

- 2021-02-10 14:10:24.55 | took 7ms | connection 0 
EXPLAIN select user0_.id as id1_5_, user0_.created_date as created_2_5_, user0_.email_address as email_ad3_5_, user0_.first_name as first_na4_5_, user0_.last_name as last_nam5_5_, user0_.password as password6_5_, user0_.username as username7_5_ from user user0_ where user0_.username='skymir37';

- 2021-02-10 14:10:24.457 | took 1ms | connection 0 
EXPLAIN select user0_.id as id1_5_, user0_.created_date as created_2_5_, user0_.email_address as email_ad3_5_, user0_.first_name as first_na4_5_, user0_.last_name as last_nam5_5_, user0_.password as password6_5_, user0_.username as username7_5_ from user user0_ where user0_.id=29;

- 2021-02-10 14:10:24.534 | took 9ms | connection 0 
EXPLAIN  SELECT t.* FROM team t WHERE t.user_id = 29   UNION   (    SELECT t.* FROM team t, board b, board_member bm    WHERE t.id = b.team_id AND bm.board_id = b.id AND bm.user_id = 29   ) ;

- 2021-02-10 14:10:24.559 | took 1ms | connection 0 
EXPLAIN SELECT b.* FROM board b   LEFT JOIN board_member bm ON b.id = bm.board_id  WHERE bm.user_id = 29 ;

- 2021-02-10 14:10:27.961 | took 0ms | connection 0 
EXPLAIN select user0_.id as id1_5_, user0_.created_date as created_2_5_, user0_.email_address as email_ad3_5_, user0_.first_name as first_na4_5_, user0_.last_name as last_nam5_5_, user0_.password as password6_5_, user0_.username as username7_5_ from user user0_ where user0_.id=29;

- 2021-02-10 14:10:27.967 | took 1ms | connection 0 
EXPLAIN  SELECT t.* FROM team t WHERE t.user_id = 29   UNION   (    SELECT t.* FROM team t, board b, board_member bm    WHERE t.id = b.team_id AND bm.board_id = b.id AND bm.user_id = 29   ) ;

- 2021-02-10 14:10:27.989 | took 0ms | connection 0 
EXPLAIN select board0_.id as id1_0_, board0_.archived as archived2_0_, board0_.created_date as created_3_0_, board0_.description as descript4_0_, board0_.name as name5_0_, board0_.team_id as team_id6_0_, board0_.user_id as user_id7_0_ from board board0_ where board0_.id=1;

- 2021-02-10 14:10:27.994 | took 8ms | connection 1 
EXPLAIN SELECT b.* FROM board b   LEFT JOIN board_member bm ON b.id = bm.board_id  WHERE bm.user_id = 29 ;

- 2021-02-10 14:10:28.06 | took 1ms | connection 0 
EXPLAIN  SELECT u.* FROM user u  LEFT JOIN board_member bm ON u.id = bm.user_id  WHERE bm.board_id = 1 ;

- 2021-02-10 14:10:28.32 | took 0ms | connection 0 
EXPLAIN SELECT cl.* FROM card_list cl WHERE cl.board_id = 1;

- 2021-02-10 14:10:28.49 | took 0ms | connection 0 
EXPLAIN SELECT c.* FROM card c LEFT JOIN card_list cl ON c.card_list_id = cl.id WHERE cl.board_id = 1;

- 2021-02-10 14:11:00.92 | took 8ms | connection 0 
EXPLAIN insert into card_list (archived, board_id, created_date, name, position, user_id) values (false, 1, '10-2월-21', 'Todo work list1', 1, 29);

- 2021-02-10 14:11:23.584 | took 8ms | connection 0 
EXPLAIN insert into card (archived, card_list_id, created_date, description, position, title, user_id) values (false, 1, '10-2월-21', '', 1, 'work card1', 29);

- 2021-02-10 14:11:31.572 | took 7ms | connection 0 
EXPLAIN insert into card (archived, card_list_id, created_date, description, position, title, user_id) values (false, 1, '10-2월-21', '', 2, 'work card2', 29);

- 2021-02-10 14:11:49.625 | took 0ms | connection 0 
EXPLAIN insert into card_list (archived, board_id, created_date, name, position, user_id) values (false, 1, '10-2월-21', 'Todo work list2', 2, 29);

- 2021-02-10 14:12:17.308 | took 10ms | connection 1 
EXPLAIN insert into card (archived, card_list_id, created_date, description, position, title, user_id) values (false, 2, '10-2월-21', '', 1, 'list 2 work card1', 29);

- 2021-02-10 14:12:26.685 | took 7ms | connection 0 
EXPLAIN insert into card (archived, card_list_id, created_date, description, position, title, user_id) values (false, 2, '10-2월-21', '', 2, 'list 2 work card1', 29);

- 2021-02-10 14:12:37.260 | took 0ms | connection 0 
EXPLAIN select board0_.id as id1_0_, board0_.archived as archived2_0_, board0_.created_date as created_3_0_, board0_.description as descript4_0_, board0_.name as name5_0_, board0_.team_id as team_id6_0_, board0_.user_id as user_id7_0_ from board board0_ where board0_.id=4;

- 2021-02-10 14:12:37.266 | took 0ms | connection 0 
EXPLAIN  SELECT u.* FROM user u  LEFT JOIN board_member bm ON u.id = bm.user_id  WHERE bm.board_id = 4 ;

- 2021-02-10 14:12:37.271 | took 0ms | connection 0 
EXPLAIN SELECT cl.* FROM card_list cl WHERE cl.board_id = 4;

- 2021-02-10 14:12:37.275 | took 0ms | connection 0 
EXPLAIN SELECT c.* FROM card c LEFT JOIN card_list cl ON c.card_list_id = cl.id WHERE cl.board_id = 4;

- 2021-02-10 14:12:40.668 | took 0ms | connection 0 
EXPLAIN select board0_.id as id1_0_, board0_.archived as archived2_0_, board0_.created_date as created_3_0_, board0_.description as descript4_0_, board0_.name as name5_0_, board0_.team_id as team_id6_0_, board0_.user_id as user_id7_0_ from board board0_ where board0_.id=1;

- 2021-02-10 14:12:40.674 | took 0ms | connection 0 
EXPLAIN  SELECT u.* FROM user u  LEFT JOIN board_member bm ON u.id = bm.user_id  WHERE bm.board_id = 1 ;

- 2021-02-10 14:12:40.678 | took 0ms | connection 0 
EXPLAIN SELECT cl.* FROM card_list cl WHERE cl.board_id = 1;

- 2021-02-10 14:12:40.685 | took 2ms | connection 0 
EXPLAIN SELECT c.* FROM card c LEFT JOIN card_list cl ON c.card_list_id = cl.id WHERE cl.board_id = 1;

- 2021-02-10 14:12:42.736 | took 1ms | connection 0 
EXPLAIN select board0_.id as id1_0_, board0_.archived as archived2_0_, board0_.created_date as created_3_0_, board0_.description as descript4_0_, board0_.name as name5_0_, board0_.team_id as team_id6_0_, board0_.user_id as user_id7_0_ from board board0_ where board0_.id=2;

- 2021-02-10 14:12:42.741 | took 0ms | connection 0 
EXPLAIN  SELECT u.* FROM user u  LEFT JOIN board_member bm ON u.id = bm.user_id  WHERE bm.board_id = 2 ;

- 2021-02-10 14:12:42.744 | took 0ms | connection 0 
EXPLAIN SELECT cl.* FROM card_list cl WHERE cl.board_id = 2;

- 2021-02-10 14:12:42.747 | took 0ms | connection 0 
EXPLAIN SELECT c.* FROM card c LEFT JOIN card_list cl ON c.card_list_id = cl.id WHERE cl.board_id = 2;

- 2021-02-10 14:12:48.988 | took 0ms | connection 0 
EXPLAIN select board0_.id as id1_0_, board0_.archived as archived2_0_, board0_.created_date as created_3_0_, board0_.description as descript4_0_, board0_.name as name5_0_, board0_.team_id as team_id6_0_, board0_.user_id as user_id7_0_ from board board0_ where board0_.id=3;

- 2021-02-10 14:12:48.992 | took 0ms | connection 0 
EXPLAIN  SELECT u.* FROM user u  LEFT JOIN board_member bm ON u.id = bm.user_id  WHERE bm.board_id = 3 ;

- 2021-02-10 14:12:49.01 | took 1ms | connection 0 
EXPLAIN select team0_.id as id1_4_, team0_.archived as archived2_4_, team0_.created_date as created_3_4_, team0_.name as name4_4_, team0_.user_id as user_id5_4_ from team team0_ where team0_.id=1;

- 2021-02-10 14:12:49.06 | took 0ms | connection 0 
EXPLAIN SELECT cl.* FROM card_list cl WHERE cl.board_id = 3;

- 2021-02-10 14:12:49.10 | took 0ms | connection 0 
EXPLAIN SELECT c.* FROM card c LEFT JOIN card_list cl ON c.card_list_id = cl.id WHERE cl.board_id = 3;

- 2021-02-10 14:14:15.672 | took 11ms | connection 0 
EXPLAIN select user0_.id as id1_5_, user0_.created_date as created_2_5_, user0_.email_address as email_ad3_5_, user0_.first_name as first_na4_5_, user0_.last_name as last_nam5_5_, user0_.password as password6_5_, user0_.username as username7_5_ from user user0_ where user0_.email_address='skymir37@taskagile.com';

- 2021-02-10 14:14:16.132 | took 0ms | connection 0 
EXPLAIN select user0_.id as id1_5_, user0_.created_date as created_2_5_, user0_.email_address as email_ad3_5_, user0_.first_name as first_na4_5_, user0_.last_name as last_nam5_5_, user0_.password as password6_5_, user0_.username as username7_5_ from user user0_ where user0_.id=29;

- 2021-02-10 14:14:16.231 | took 18ms | connection 0 
EXPLAIN  SELECT t.* FROM team t WHERE t.user_id = 29   UNION   (    SELECT t.* FROM team t, board b, board_member bm    WHERE t.id = b.team_id AND bm.board_id = b.id AND bm.user_id = 29   ) ;

- 2021-02-10 14:14:16.262 | took 1ms | connection 0 
EXPLAIN SELECT b.* FROM board b   LEFT JOIN board_member bm ON b.id = bm.board_id  WHERE bm.user_id = 29 ;

- 2021-02-10 14:14:23.500 | took 0ms | connection 0 
EXPLAIN select user0_.id as id1_5_, user0_.created_date as created_2_5_, user0_.email_address as email_ad3_5_, user0_.first_name as first_na4_5_, user0_.last_name as last_nam5_5_, user0_.password as password6_5_, user0_.username as username7_5_ from user user0_ where user0_.id=29;

- 2021-02-10 14:14:23.506 | took 1ms | connection 0 
EXPLAIN  SELECT t.* FROM team t WHERE t.user_id = 29   UNION   (    SELECT t.* FROM team t, board b, board_member bm    WHERE t.id = b.team_id AND bm.board_id = b.id AND bm.user_id = 29   ) ;

- 2021-02-10 14:14:23.527 | took 0ms | connection 0 
EXPLAIN SELECT b.* FROM board b   LEFT JOIN board_member bm ON b.id = bm.board_id  WHERE bm.user_id = 29 ;

- 2021-02-10 14:14:23.536 | took 5ms | connection 1 
EXPLAIN select board0_.id as id1_0_, board0_.archived as archived2_0_, board0_.created_date as created_3_0_, board0_.description as descript4_0_, board0_.name as name5_0_, board0_.team_id as team_id6_0_, board0_.user_id as user_id7_0_ from board board0_ where board0_.id=1;

- 2021-02-10 14:14:23.560 | took 7ms | connection 1 
EXPLAIN  SELECT u.* FROM user u  LEFT JOIN board_member bm ON u.id = bm.user_id  WHERE bm.board_id = 1 ;

- 2021-02-10 14:14:23.586 | took 5ms | connection 1 
EXPLAIN SELECT cl.* FROM card_list cl WHERE cl.board_id = 1;

- 2021-02-10 14:14:23.612 | took 5ms | connection 1 
EXPLAIN SELECT c.* FROM card c LEFT JOIN card_list cl ON c.card_list_id = cl.id WHERE cl.board_id = 1;

- 2021-02-10 14:15:08.440 | took 7ms | connection 0 
EXPLAIN insert into card (archived, card_list_id, created_date, description, position, title, user_id) values (false, 2, '10-2월-21', '', 3, 'list 2 work card 3', 29);

- 2021-02-10 14:28:29.341 | took 10ms | connection 0 
EXPLAIN select user0_.id as id1_5_, user0_.created_date as created_2_5_, user0_.email_address as email_ad3_5_, user0_.first_name as first_na4_5_, user0_.last_name as last_nam5_5_, user0_.password as password6_5_, user0_.username as username7_5_ from user user0_ where user0_.username='luis441255';

- 2021-02-10 14:28:29.359 | took 0ms | connection 0 
EXPLAIN select user0_.id as id1_5_, user0_.created_date as created_2_5_, user0_.email_address as email_ad3_5_, user0_.first_name as first_na4_5_, user0_.last_name as last_nam5_5_, user0_.password as password6_5_, user0_.username as username7_5_ from user user0_ where user0_.email_address='luis441255@e2e.taskagile.com';

- 2021-02-10 14:28:29.549 | took 7ms | connection 0 
EXPLAIN insert into user (created_date, email_address, first_name, last_name, password, username) values ('10-2월-21', 'luis441255@e2e.taskagile.com', 'Luis', 'Francis', '$2a$10$RbMjbuvn9M8Ov5rdAS3EiuILs6h8J9KGZSZL36tCZwVNTPNweZbwG', 'luis441255');

- 2021-02-10 14:28:38.324 | took 0ms | connection 0 
EXPLAIN select user0_.id as id1_5_, user0_.created_date as created_2_5_, user0_.email_address as email_ad3_5_, user0_.first_name as first_na4_5_, user0_.last_name as last_nam5_5_, user0_.password as password6_5_, user0_.username as username7_5_ from user user0_ where user0_.username='not-exist';

- 2021-02-10 14:28:41.685 | took 0ms | connection 0 
EXPLAIN select user0_.id as id1_5_, user0_.created_date as created_2_5_, user0_.email_address as email_ad3_5_, user0_.first_name as first_na4_5_, user0_.last_name as last_nam5_5_, user0_.password as password6_5_, user0_.username as username7_5_ from user user0_ where user0_.username='luis441255';

- 2021-02-10 14:28:41.936 | took 0ms | connection 0 
EXPLAIN select user0_.id as id1_5_, user0_.created_date as created_2_5_, user0_.email_address as email_ad3_5_, user0_.first_name as first_na4_5_, user0_.last_name as last_nam5_5_, user0_.password as password6_5_, user0_.username as username7_5_ from user user0_ where user0_.id=44;

- 2021-02-10 14:28:42.05 | took 15ms | connection 0 
EXPLAIN  SELECT t.* FROM team t WHERE t.user_id = 44   UNION   (    SELECT t.* FROM team t, board b, board_member bm    WHERE t.id = b.team_id AND bm.board_id = b.id AND bm.user_id = 44   ) ;

- 2021-02-10 14:28:42.21 | took 0ms | connection 0 
EXPLAIN SELECT b.* FROM board b   LEFT JOIN board_member bm ON b.id = bm.board_id  WHERE bm.user_id = 44 ;

- 2021-02-10 14:28:43.906 | took 0ms | connection 0 
EXPLAIN select user0_.id as id1_5_, user0_.created_date as created_2_5_, user0_.email_address as email_ad3_5_, user0_.first_name as first_na4_5_, user0_.last_name as last_nam5_5_, user0_.password as password6_5_, user0_.username as username7_5_ from user user0_ where user0_.id=44;

- 2021-02-10 14:28:43.912 | took 1ms | connection 0 
EXPLAIN  SELECT t.* FROM team t WHERE t.user_id = 44   UNION   (    SELECT t.* FROM team t, board b, board_member bm    WHERE t.id = b.team_id AND bm.board_id = b.id AND bm.user_id = 44   ) ;

- 2021-02-10 14:28:43.917 | took 0ms | connection 0 
EXPLAIN SELECT b.* FROM board b   LEFT JOIN board_member bm ON b.id = bm.board_id  WHERE bm.user_id = 44 ;

- 2021-02-10 14:28:46.823 | took 0ms | connection 0 
EXPLAIN select user0_.id as id1_5_, user0_.created_date as created_2_5_, user0_.email_address as email_ad3_5_, user0_.first_name as first_na4_5_, user0_.last_name as last_nam5_5_, user0_.password as password6_5_, user0_.username as username7_5_ from user user0_ where user0_.email_address='luis441255@e2e.taskagile.com';

- 2021-02-10 14:28:47.52 | took 0ms | connection 0 
EXPLAIN select user0_.id as id1_5_, user0_.created_date as created_2_5_, user0_.email_address as email_ad3_5_, user0_.first_name as first_na4_5_, user0_.last_name as last_nam5_5_, user0_.password as password6_5_, user0_.username as username7_5_ from user user0_ where user0_.id=44;

- 2021-02-10 14:28:47.58 | took 1ms | connection 0 
EXPLAIN  SELECT t.* FROM team t WHERE t.user_id = 44   UNION   (    SELECT t.* FROM team t, board b, board_member bm    WHERE t.id = b.team_id AND bm.board_id = b.id AND bm.user_id = 44   ) ;

- 2021-02-10 14:28:47.62 | took 0ms | connection 0 
EXPLAIN SELECT b.* FROM board b   LEFT JOIN board_member bm ON b.id = bm.board_id  WHERE bm.user_id = 44 ;

- 2021-02-10 14:28:49.71 | took 0ms | connection 0 
EXPLAIN select user0_.id as id1_5_, user0_.created_date as created_2_5_, user0_.email_address as email_ad3_5_, user0_.first_name as first_na4_5_, user0_.last_name as last_nam5_5_, user0_.password as password6_5_, user0_.username as username7_5_ from user user0_ where user0_.id=44;

- 2021-02-10 14:28:49.79 | took 1ms | connection 0 
EXPLAIN  SELECT t.* FROM team t WHERE t.user_id = 44   UNION   (    SELECT t.* FROM team t, board b, board_member bm    WHERE t.id = b.team_id AND bm.board_id = b.id AND bm.user_id = 44   ) ;

- 2021-02-10 14:28:49.84 | took 0ms | connection 0 
EXPLAIN SELECT b.* FROM board b   LEFT JOIN board_member bm ON b.id = bm.board_id  WHERE bm.user_id = 44 ;

- 2021-02-10 14:44:50.897 | took 11ms | connection 0 
EXPLAIN select user0_.id as id1_5_, user0_.created_date as created_2_5_, user0_.email_address as email_ad3_5_, user0_.first_name as first_na4_5_, user0_.last_name as last_nam5_5_, user0_.password as password6_5_, user0_.username as username7_5_ from user user0_ where user0_.username='skymir37';

- 2021-02-10 14:44:51.296 | took 0ms | connection 0 
EXPLAIN select user0_.id as id1_5_, user0_.created_date as created_2_5_, user0_.email_address as email_ad3_5_, user0_.first_name as first_na4_5_, user0_.last_name as last_nam5_5_, user0_.password as password6_5_, user0_.username as username7_5_ from user user0_ where user0_.id=29;

- 2021-02-10 14:44:51.376 | took 13ms | connection 0 
EXPLAIN  SELECT t.* FROM team t WHERE t.user_id = 29   UNION   (    SELECT t.* FROM team t, board b, board_member bm    WHERE t.id = b.team_id AND bm.board_id = b.id AND bm.user_id = 29   ) ;

- 2021-02-10 14:44:51.400 | took 0ms | connection 0 
EXPLAIN SELECT b.* FROM board b   LEFT JOIN board_member bm ON b.id = bm.board_id  WHERE bm.user_id = 29 ;

- 2021-02-10 14:44:53.685 | took 0ms | connection 0 
EXPLAIN select user0_.id as id1_5_, user0_.created_date as created_2_5_, user0_.email_address as email_ad3_5_, user0_.first_name as first_na4_5_, user0_.last_name as last_nam5_5_, user0_.password as password6_5_, user0_.username as username7_5_ from user user0_ where user0_.id=29;

- 2021-02-10 14:44:53.690 | took 0ms | connection 0 
EXPLAIN  SELECT t.* FROM team t WHERE t.user_id = 29   UNION   (    SELECT t.* FROM team t, board b, board_member bm    WHERE t.id = b.team_id AND bm.board_id = b.id AND bm.user_id = 29   ) ;

- 2021-02-10 14:44:53.707 | took 0ms | connection 0 
EXPLAIN SELECT b.* FROM board b   LEFT JOIN board_member bm ON b.id = bm.board_id  WHERE bm.user_id = 29 ;

- 2021-02-10 14:44:53.715 | took 0ms | connection 1 
EXPLAIN select board0_.id as id1_0_, board0_.archived as archived2_0_, board0_.created_date as created_3_0_, board0_.description as descript4_0_, board0_.name as name5_0_, board0_.team_id as team_id6_0_, board0_.user_id as user_id7_0_ from board board0_ where board0_.id=1;

- 2021-02-10 14:44:53.733 | took 0ms | connection 1 
EXPLAIN  SELECT u.* FROM user u  LEFT JOIN board_member bm ON u.id = bm.user_id  WHERE bm.board_id = 1 ;

- 2021-02-10 14:44:53.757 | took 5ms | connection 1 
EXPLAIN SELECT cl.* FROM card_list cl WHERE cl.board_id = 1;

- 2021-02-10 14:44:53.789 | took 5ms | connection 1 
EXPLAIN SELECT c.* FROM card c LEFT JOIN card_list cl ON c.card_list_id = cl.id WHERE cl.board_id = 1;

